[debug] [2021-06-29T17:53:51.118Z] ----------------------------------------------------------------------
[debug] [2021-06-29T17:53:51.122Z] Command:       /usr/local/bin/node /usr/local/bin/firebase init
[debug] [2021-06-29T17:53:51.123Z] CLI Version:   9.14.0
[debug] [2021-06-29T17:53:51.123Z] Platform:      darwin
[debug] [2021-06-29T17:53:51.123Z] Node Version:  v14.16.1
[debug] [2021-06-29T17:53:51.144Z] Time:          Tue Jun 29 2021 12:53:51 GMT-0500 (Central Daylight Time)
[debug] [2021-06-29T17:53:51.144Z] ----------------------------------------------------------------------
[debug] 
[debug] [2021-06-29T17:53:51.154Z] > command requires scopes: ["email","openid","https://www.googleapis.com/auth/cloudplatformprojects.readonly","https://www.googleapis.com/auth/firebase","https://www.googleapis.com/auth/cloud-platform"]
[debug] [2021-06-29T17:53:51.154Z] > authorizing via signed-in user (dcortinas33@gmail.com)
[info] 
     ######## #### ########  ######## ########     ###     ######  ########
     ##        ##  ##     ## ##       ##     ##  ##   ##  ##       ##
     ######    ##  ########  ######   ########  #########  ######  ######
     ##        ##  ##    ##  ##       ##     ## ##     ##       ## ##
     ##       #### ##     ## ######## ########  ##     ##  ######  ########

You're about to initialize a Firebase project in this directory:

  /Users/david/Desktop/development/projects/music_sample_library

[info] 
=== Project Setup
[info] 
[info] First, let's associate this project directory with a Firebase project.
[info] You can create multiple project aliases by running firebase use --add, 
[info] but for now we'll just set up a default project.
[info] 
[debug] [2021-06-29T17:54:10.816Z] > refreshing access token with scopes: []
[debug] [2021-06-29T17:54:10.817Z] >>> HTTP REQUEST POST https://www.googleapis.com/oauth2/v3/token  
 <request body omitted>
[debug] [2021-06-29T17:54:11.155Z] <<< HTTP RESPONSE 200 {"cache-control":"no-cache, no-store, max-age=0, must-revalidate","pragma":"no-cache","date":"Tue, 29 Jun 2021 17:54:11 GMT","expires":"Mon, 01 Jan 1990 00:00:00 GMT","content-type":"application/json; charset=utf-8","vary":"X-Origin, Referer, Origin,Accept-Encoding","server":"scaffolding on HTTPServer2","x-xss-protection":"0","x-frame-options":"SAMEORIGIN","x-content-type-options":"nosniff","alt-svc":"h3=\":443\"; ma=2592000,h3-29=\":443\"; ma=2592000,h3-T051=\":443\"; ma=2592000,h3-Q050=\":443\"; ma=2592000,h3-Q046=\":443\"; ma=2592000,h3-Q043=\":443\"; ma=2592000,quic=\":443\"; ma=2592000; v=\"46,43\"","accept-ranges":"none","transfer-encoding":"chunked"}
[debug] [2021-06-29T17:54:11.229Z] >>> [apiv2][query] GET https://firebase.googleapis.com/v1beta1/projects pageSize=100
[debug] [2021-06-29T17:54:11.586Z] <<< [apiv2][status] GET https://firebase.googleapis.com/v1beta1/projects 200
[debug] [2021-06-29T17:54:11.587Z] <<< [apiv2][body] GET https://firebase.googleapis.com/v1beta1/projects [omitted]
[info] i  Using project deepcuts-musicsamplelibrary (DeepCuts-MusicSampleLibrary) 
[info] 
=== Database Setup
[info] i  database: ensuring required API firebasedatabase.googleapis.com is enabled... 
[debug] [2021-06-29T17:54:12.583Z] > refreshing access token with scopes: ["email","https://www.googleapis.com/auth/cloud-platform","https://www.googleapis.com/auth/cloudplatformprojects.readonly","https://www.googleapis.com/auth/firebase","openid"]
[debug] [2021-06-29T17:54:12.584Z] >>> HTTP REQUEST POST https://www.googleapis.com/oauth2/v3/token  
 <request body omitted>
[debug] [2021-06-29T17:54:12.748Z] <<< HTTP RESPONSE 200 {"cache-control":"no-cache, no-store, max-age=0, must-revalidate","date":"Tue, 29 Jun 2021 17:54:12 GMT","pragma":"no-cache","expires":"Mon, 01 Jan 1990 00:00:00 GMT","content-type":"application/json; charset=utf-8","vary":"X-Origin, Referer, Origin,Accept-Encoding","server":"scaffolding on HTTPServer2","x-xss-protection":"0","x-frame-options":"SAMEORIGIN","x-content-type-options":"nosniff","alt-svc":"h3=\":443\"; ma=2592000,h3-29=\":443\"; ma=2592000,h3-T051=\":443\"; ma=2592000,h3-Q050=\":443\"; ma=2592000,h3-Q046=\":443\"; ma=2592000,h3-Q043=\":443\"; ma=2592000,quic=\":443\"; ma=2592000; v=\"46,43\"","accept-ranges":"none","transfer-encoding":"chunked"}
[debug] [2021-06-29T17:54:12.808Z] >>> HTTP REQUEST GET https://serviceusage.googleapis.com/v1/projects/deepcuts-musicsamplelibrary/services/firebasedatabase.googleapis.com  
 
[debug] [2021-06-29T17:54:13.146Z] <<< HTTP RESPONSE 200 {"content-type":"application/json; charset=UTF-8","vary":"X-Origin, Referer, Origin,Accept-Encoding","date":"Tue, 29 Jun 2021 17:54:13 GMT","server":"ESF","cache-control":"private","x-xss-protection":"0","x-frame-options":"SAMEORIGIN","x-content-type-options":"nosniff","alt-svc":"h3=\":443\"; ma=2592000,h3-29=\":443\"; ma=2592000,h3-T051=\":443\"; ma=2592000,h3-Q050=\":443\"; ma=2592000,h3-Q046=\":443\"; ma=2592000,h3-Q043=\":443\"; ma=2592000,quic=\":443\"; ma=2592000; v=\"46,43\"","accept-ranges":"none","transfer-encoding":"chunked"}
[info] ✔  database: required API firebasedatabase.googleapis.com is enabled 
[info] 
[debug] [2021-06-29T17:54:13.149Z] >>> HTTP REQUEST GET https://firebasedatabase.googleapis.com/v1beta/projects/deepcuts-musicsamplelibrary/locations/-/instances/deepcuts-musicsamplelibrary-default-rtdb  
 
[debug] [2021-06-29T17:54:13.614Z] <<< HTTP RESPONSE 200 {"content-type":"application/json; charset=UTF-8","vary":"X-Origin, Referer, Origin,Accept-Encoding","date":"Tue, 29 Jun 2021 17:54:13 GMT","server":"ESF","cache-control":"private","x-xss-protection":"0","x-frame-options":"SAMEORIGIN","x-content-type-options":"nosniff","alt-svc":"h3=\":443\"; ma=2592000,h3-29=\":443\"; ma=2592000,h3-T051=\":443\"; ma=2592000,h3-Q050=\":443\"; ma=2592000,h3-Q046=\":443\"; ma=2592000,h3-Q043=\":443\"; ma=2592000,quic=\":443\"; ma=2592000; v=\"46,43\"","accept-ranges":"none","transfer-encoding":"chunked"}
[info] 
[info] Firebase Realtime Database Security Rules allow you to define how your data should be
[info] structured and when your data can be read from and written to.
[info] 
[debug] [2021-06-29T17:54:22.911Z] >>> HTTP REQUEST GET https://deepcuts-musicsamplelibrary-default-rtdb.firebaseio.com/.settings/rules.json  
 
[debug] [2021-06-29T17:54:23.158Z] <<< HTTP RESPONSE 200 {"server":"nginx","date":"Tue, 29 Jun 2021 17:54:23 GMT","content-type":"application/json; charset=utf-8","content-length":"121","connection":"keep-alive","access-control-allow-origin":"*","cache-control":"no-cache","strict-transport-security":"max-age=31556926; includeSubDomains; preload"}
[info] ✔  Database Rules for deepcuts-musicsamplelibrary-default-rtdb have been written to database.rules.json. 
[info] Future modifications to database.rules.json will update Realtime Database Security Rules when you run
[info] firebase deploy.
[info] 
=== Hosting Setup
[info] 
[info] Your public directory is the folder (relative to your project directory) that
[info] will contain Hosting assets to be uploaded with firebase deploy. If you
[info] have a build process for your assets, use your build's output directory.
[info] 
[info] ✔  Wrote public/404.html 
[debug] [2021-06-29T17:54:41.088Z] >>> [apiv2][query] GET https://www.gstatic.com/firebasejs/releases.json [none]
[debug] [2021-06-29T17:54:41.226Z] <<< [apiv2][status] GET https://www.gstatic.com/firebasejs/releases.json 200
[debug] [2021-06-29T17:54:41.226Z] <<< [apiv2][body] GET https://www.gstatic.com/firebasejs/releases.json {"current":{"version":"8.6.8","browserURL":"https://www.gstatic.com/firebasejs/8.6.8/firebase.js","packageURL":"https://www.gstatic.com/firebasejs/8.6.8/firebase.tgz"},"live":{"version":"8.6","browserURL":"https://www.gstatic.com/firebasejs/live/8.6/firebase.js","packageURL":"https://www.gstatic.com/firebasejs/live/8.6/firebase.tgz"},"components":{"analytics":"https://www.gstatic.com/firebasejs/8.6.8/firebase-analytics.js","app":"https://www.gstatic.com/firebasejs/8.6.8/firebase-app.js","app-check":"https://www.gstatic.com/firebasejs/8.6.8/firebase-app-check.js","auth":"https://www.gstatic.com/firebasejs/8.6.8/firebase-auth.js","database":"https://www.gstatic.com/firebasejs/8.6.8/firebase-database.js","firestore":"https://www.gstatic.com/firebasejs/8.6.8/firebase-firestore.js","functions":"https://www.gstatic.com/firebasejs/8.6.8/firebase-functions.js","installations":"https://www.gstatic.com/firebasejs/8.6.8/firebase-installations.js","messaging":"https://www.gstatic.com/firebasejs/8.6.8/firebase-messaging.js","storage":"https://www.gstatic.com/firebasejs/8.6.8/firebase-storage.js","performance":"https://www.gstatic.com/firebasejs/8.6.8/firebase-performance.js","remote-config":"https://www.gstatic.com/firebasejs/8.6.8/firebase-remote-config.js","firestore.memory":"https://www.gstatic.com/firebasejs/8.6.8/firebase-firestore.memory.js"}}
[info] ✔  Wrote public/index.html 
[info] 
[info] i  Detected a .git folder at /Users/david/Desktop/development/projects/music_sample_library 
[info] i  Authorizing with GitHub to upload your service account to a GitHub repository's secrets store. 
[info] 
[info] Visit this URL on this device to log in:
[info] https://github.com/login/oauth/authorize?client_id=89cf50f02ac6aaed3484&state=468884821&redirect_uri=http%3A%2F%2Flocalhost%3A9005&scope=read%3Auser%20repo%20public_repo
[info] 
[info] Waiting for authentication...
[debug] [2021-06-29T17:54:46.913Z] >>> HTTP REQUEST POST https://github.com/login/oauth/access_token  
 {"client_id":"89cf50f02ac6aaed3484","client_secret":"3330d14abc895d9a74d5f17cd7a00711fa2c5bf0","code":"f2352b2b24393e5965fe","redirect_uri":"http://localhost:9005","state":"468884821"}
[debug] [2021-06-29T17:54:47.131Z] <<< HTTP RESPONSE 200 {"server":"GitHub.com","date":"Tue, 29 Jun 2021 17:54:47 GMT","content-type":"application/json; charset=utf-8","transfer-encoding":"chunked","vary":"X-PJAX, Accept-Encoding, Accept, X-Requested-With","permissions-policy":"interest-cohort=()","etag":"W/\"012f310ae7f893d74da5f212f52ce7b7\"","cache-control":"max-age=0, private, must-revalidate","strict-transport-security":"max-age=31536000; includeSubdomains; preload","x-frame-options":"deny","x-content-type-options":"nosniff","x-xss-protection":"0","referrer-policy":"origin-when-cross-origin, strict-origin-when-cross-origin","expect-ct":"max-age=2592000, report-uri=\"https://api.github.com/_private/browser/errors\"","content-security-policy":"default-src 'none'; base-uri 'self'; block-all-mixed-content; connect-src 'self' uploads.github.com www.githubstatus.com collector.githubapp.com api.github.com github-cloud.s3.amazonaws.com github-production-repository-file-5c1aeb.s3.amazonaws.com github-production-upload-manifest-file-7fdce7.s3.amazonaws.com github-production-user-asset-6210df.s3.amazonaws.com cdn.optimizely.com logx.optimizely.com/v1/events translator.github.com wss://alive.github.com; font-src github.githubassets.com; form-action 'self' github.com gist.github.com; frame-ancestors 'none'; frame-src render.githubusercontent.com render-temp.githubusercontent.com viewscreen.githubusercontent.com; img-src 'self' data: github.githubassets.com identicons.github.com collector.githubapp.com github-cloud.s3.amazonaws.com secured-user-images.githubusercontent.com/ *.githubusercontent.com; manifest-src 'self'; media-src 'none'; script-src github.githubassets.com; style-src 'unsafe-inline' github.githubassets.com; worker-src github.com/socket-worker-3f088aa2.js gist.github.com/socket-worker-3f088aa2.js","x-github-request-id":"E5F6:0CC1:136EDB:1BA9F0:60DB5E66"}
[debug] [2021-06-29T17:54:47.141Z] >>> [apiv2][query] GET https://api.github.com/user [none]
[debug] [2021-06-29T17:54:47.611Z] <<< [apiv2][status] GET https://api.github.com/user 200
[debug] [2021-06-29T17:54:47.611Z] <<< [apiv2][body] GET https://api.github.com/user {"login":"DavidCortinas","id":81193742,"node_id":"MDQ6VXNlcjgxMTkzNzQy","avatar_url":"https://avatars.githubusercontent.com/u/81193742?v=4","gravatar_id":"","url":"https://api.github.com/users/DavidCortinas","html_url":"https://github.com/DavidCortinas","followers_url":"https://api.github.com/users/DavidCortinas/followers","following_url":"https://api.github.com/users/DavidCortinas/following{/other_user}","gists_url":"https://api.github.com/users/DavidCortinas/gists{/gist_id}","starred_url":"https://api.github.com/users/DavidCortinas/starred{/owner}{/repo}","subscriptions_url":"https://api.github.com/users/DavidCortinas/subscriptions","organizations_url":"https://api.github.com/users/DavidCortinas/orgs","repos_url":"https://api.github.com/users/DavidCortinas/repos","events_url":"https://api.github.com/users/DavidCortinas/events{/privacy}","received_events_url":"https://api.github.com/users/DavidCortinas/received_events","type":"User","site_admin":false,"name":null,"company":null,"blog":"","location":null,"email":null,"hireable":null,"bio":null,"twitter_username":null,"public_repos":34,"public_gists":0,"followers":5,"following":7,"created_at":"2021-03-22T21:18:09Z","updated_at":"2021-06-29T17:48:04Z","private_gists":0,"total_private_repos":0,"owned_private_repos":0,"disk_usage":63319,"collaborators":0,"two_factor_authentication":false,"plan":{"name":"free","space":976562499,"collaborators":0,"private_repos":10000}}
[info] 
[info] ✔  Success! Logged into GitHub as DavidCortinas 
[info] 
[debug] [2021-06-29T17:55:09.168Z] >>> [apiv2][query] GET https://api.github.com/repos/DavidCortinas/actions/secrets/public-key type=owner
[debug] [2021-06-29T17:55:09.170Z] >>> [apiv2][query] GET https://api.github.com/repos///actions/secrets/public-key type=owner
[debug] [2021-06-29T17:55:09.378Z] <<< [apiv2][status] GET https://api.github.com/repos///actions/secrets/public-key 404
[debug] [2021-06-29T17:55:09.378Z] <<< [apiv2][body] GET https://api.github.com/repos///actions/secrets/public-key {"message":"Not Found","documentation_url":"https://docs.github.com/rest"}
[debug] [2021-06-29T17:55:09.380Z] <<< [apiv2][status] GET https://api.github.com/repos/DavidCortinas/actions/secrets/public-key 404
[debug] [2021-06-29T17:55:09.381Z] <<< [apiv2][body] GET https://api.github.com/repos/DavidCortinas/actions/secrets/public-key {"message":"Not Found","documentation_url":"https://docs.github.com/rest"}
[debug] [2021-06-29T17:56:45.238Z] ----------------------------------------------------------------------
[debug] [2021-06-29T17:56:45.240Z] Command:       /usr/local/bin/node /usr/local/bin/firebase init
[debug] [2021-06-29T17:56:45.240Z] CLI Version:   9.14.0
[debug] [2021-06-29T17:56:45.240Z] Platform:      darwin
[debug] [2021-06-29T17:56:45.241Z] Node Version:  v14.16.1
[debug] [2021-06-29T17:56:45.253Z] Time:          Tue Jun 29 2021 12:56:45 GMT-0500 (Central Daylight Time)
[debug] [2021-06-29T17:56:45.253Z] ----------------------------------------------------------------------
[debug] 
[debug] [2021-06-29T17:56:45.258Z] > command requires scopes: ["email","openid","https://www.googleapis.com/auth/cloudplatformprojects.readonly","https://www.googleapis.com/auth/firebase","https://www.googleapis.com/auth/cloud-platform"]
[debug] [2021-06-29T17:56:45.258Z] > authorizing via signed-in user (dcortinas33@gmail.com)
[info] 
     ######## #### ########  ######## ########     ###     ######  ########
     ##        ##  ##     ## ##       ##     ##  ##   ##  ##       ##
     ######    ##  ########  ######   ########  #########  ######  ######
     ##        ##  ##    ##  ##       ##     ## ##     ##       ## ##
     ##       #### ##     ## ######## ########  ##     ##  ######  ########

You're about to initialize a Firebase project in this directory:

  /Users/david/Desktop/development/projects/music_sample_library

[info] 
=== Project Setup
[info] 
[info] First, let's associate this project directory with a Firebase project.
[info] You can create multiple project aliases by running firebase use --add, 
[info] but for now we'll just set up a default project.
[info] 
[debug] [2021-06-29T17:56:59.919Z] > refreshing access token with scopes: []
[debug] [2021-06-29T17:56:59.920Z] >>> HTTP REQUEST POST https://www.googleapis.com/oauth2/v3/token  
 <request body omitted>
[debug] [2021-06-29T17:57:00.118Z] <<< HTTP RESPONSE 200 {"date":"Tue, 29 Jun 2021 17:57:00 GMT","expires":"Mon, 01 Jan 1990 00:00:00 GMT","cache-control":"no-cache, no-store, max-age=0, must-revalidate","pragma":"no-cache","content-type":"application/json; charset=utf-8","vary":"X-Origin, Referer, Origin,Accept-Encoding","server":"scaffolding on HTTPServer2","x-xss-protection":"0","x-frame-options":"SAMEORIGIN","x-content-type-options":"nosniff","alt-svc":"h3=\":443\"; ma=2592000,h3-29=\":443\"; ma=2592000,h3-T051=\":443\"; ma=2592000,h3-Q050=\":443\"; ma=2592000,h3-Q046=\":443\"; ma=2592000,h3-Q043=\":443\"; ma=2592000,quic=\":443\"; ma=2592000; v=\"46,43\"","accept-ranges":"none","transfer-encoding":"chunked"}
[debug] [2021-06-29T17:57:00.194Z] >>> [apiv2][query] GET https://firebase.googleapis.com/v1beta1/projects pageSize=100
[debug] [2021-06-29T17:57:00.525Z] <<< [apiv2][status] GET https://firebase.googleapis.com/v1beta1/projects 200
[debug] [2021-06-29T17:57:00.525Z] <<< [apiv2][body] GET https://firebase.googleapis.com/v1beta1/projects [omitted]
[info] i  Using project deepcuts-musicsamplelibrary (DeepCuts-MusicSampleLibrary) 
[info] 
=== Database Setup
[info] i  database: ensuring required API firebasedatabase.googleapis.com is enabled... 
[debug] [2021-06-29T17:57:01.362Z] > refreshing access token with scopes: ["email","https://www.googleapis.com/auth/cloud-platform","https://www.googleapis.com/auth/cloudplatformprojects.readonly","https://www.googleapis.com/auth/firebase","openid"]
[debug] [2021-06-29T17:57:01.363Z] >>> HTTP REQUEST POST https://www.googleapis.com/oauth2/v3/token  
 <request body omitted>
[debug] [2021-06-29T17:57:01.479Z] <<< HTTP RESPONSE 200 {"pragma":"no-cache","date":"Tue, 29 Jun 2021 17:57:01 GMT","cache-control":"no-cache, no-store, max-age=0, must-revalidate","expires":"Mon, 01 Jan 1990 00:00:00 GMT","content-type":"application/json; charset=utf-8","vary":"X-Origin, Referer, Origin,Accept-Encoding","server":"scaffolding on HTTPServer2","x-xss-protection":"0","x-frame-options":"SAMEORIGIN","x-content-type-options":"nosniff","alt-svc":"h3=\":443\"; ma=2592000,h3-29=\":443\"; ma=2592000,h3-T051=\":443\"; ma=2592000,h3-Q050=\":443\"; ma=2592000,h3-Q046=\":443\"; ma=2592000,h3-Q043=\":443\"; ma=2592000,quic=\":443\"; ma=2592000; v=\"46,43\"","accept-ranges":"none","transfer-encoding":"chunked"}
[debug] [2021-06-29T17:57:01.539Z] >>> HTTP REQUEST GET https://serviceusage.googleapis.com/v1/projects/deepcuts-musicsamplelibrary/services/firebasedatabase.googleapis.com  
 
[debug] [2021-06-29T17:57:01.873Z] <<< HTTP RESPONSE 200 {"content-type":"application/json; charset=UTF-8","vary":"X-Origin, Referer, Origin,Accept-Encoding","date":"Tue, 29 Jun 2021 17:57:01 GMT","server":"ESF","cache-control":"private","x-xss-protection":"0","x-frame-options":"SAMEORIGIN","x-content-type-options":"nosniff","alt-svc":"h3=\":443\"; ma=2592000,h3-29=\":443\"; ma=2592000,h3-T051=\":443\"; ma=2592000,h3-Q050=\":443\"; ma=2592000,h3-Q046=\":443\"; ma=2592000,h3-Q043=\":443\"; ma=2592000,quic=\":443\"; ma=2592000; v=\"46,43\"","accept-ranges":"none","transfer-encoding":"chunked"}
[info] ✔  database: required API firebasedatabase.googleapis.com is enabled 
[info] 
[debug] [2021-06-29T17:57:01.876Z] >>> HTTP REQUEST GET https://firebasedatabase.googleapis.com/v1beta/projects/deepcuts-musicsamplelibrary/locations/-/instances/deepcuts-musicsamplelibrary-default-rtdb  
 
[debug] [2021-06-29T17:57:02.190Z] <<< HTTP RESPONSE 200 {"content-type":"application/json; charset=UTF-8","vary":"X-Origin, Referer, Origin,Accept-Encoding","date":"Tue, 29 Jun 2021 17:57:02 GMT","server":"ESF","cache-control":"private","x-xss-protection":"0","x-frame-options":"SAMEORIGIN","x-content-type-options":"nosniff","alt-svc":"h3=\":443\"; ma=2592000,h3-29=\":443\"; ma=2592000,h3-T051=\":443\"; ma=2592000,h3-Q050=\":443\"; ma=2592000,h3-Q046=\":443\"; ma=2592000,h3-Q043=\":443\"; ma=2592000,quic=\":443\"; ma=2592000; v=\"46,43\"","accept-ranges":"none","transfer-encoding":"chunked"}
[info] 
[info] Firebase Realtime Database Security Rules allow you to define how your data should be
[info] structured and when your data can be read from and written to.
[info] 
[debug] [2021-06-29T17:57:08.344Z] >>> HTTP REQUEST GET https://deepcuts-musicsamplelibrary-default-rtdb.firebaseio.com/.settings/rules.json  
 
[debug] [2021-06-29T17:57:08.578Z] <<< HTTP RESPONSE 200 {"server":"nginx","date":"Tue, 29 Jun 2021 17:57:08 GMT","content-type":"application/json; charset=utf-8","content-length":"121","connection":"keep-alive","access-control-allow-origin":"*","cache-control":"no-cache","strict-transport-security":"max-age=31556926; includeSubDomains; preload"}
[info] ✔  Database Rules for deepcuts-musicsamplelibrary-default-rtdb have been written to database.rules.json. 
[info] Future modifications to database.rules.json will update Realtime Database Security Rules when you run
[info] firebase deploy.
[info] 
=== Hosting Setup
[info] 
[info] Your public directory is the folder (relative to your project directory) that
[info] will contain Hosting assets to be uploaded with firebase deploy. If you
[info] have a build process for your assets, use your build's output directory.
[info] 
[info] ✔  Wrote public/404.html 
[debug] [2021-06-29T17:57:28.808Z] >>> [apiv2][query] GET https://www.gstatic.com/firebasejs/releases.json [none]
[debug] [2021-06-29T17:57:28.969Z] <<< [apiv2][status] GET https://www.gstatic.com/firebasejs/releases.json 200
[debug] [2021-06-29T17:57:28.969Z] <<< [apiv2][body] GET https://www.gstatic.com/firebasejs/releases.json {"current":{"version":"8.6.8","browserURL":"https://www.gstatic.com/firebasejs/8.6.8/firebase.js","packageURL":"https://www.gstatic.com/firebasejs/8.6.8/firebase.tgz"},"live":{"version":"8.6","browserURL":"https://www.gstatic.com/firebasejs/live/8.6/firebase.js","packageURL":"https://www.gstatic.com/firebasejs/live/8.6/firebase.tgz"},"components":{"analytics":"https://www.gstatic.com/firebasejs/8.6.8/firebase-analytics.js","app":"https://www.gstatic.com/firebasejs/8.6.8/firebase-app.js","app-check":"https://www.gstatic.com/firebasejs/8.6.8/firebase-app-check.js","auth":"https://www.gstatic.com/firebasejs/8.6.8/firebase-auth.js","database":"https://www.gstatic.com/firebasejs/8.6.8/firebase-database.js","firestore":"https://www.gstatic.com/firebasejs/8.6.8/firebase-firestore.js","functions":"https://www.gstatic.com/firebasejs/8.6.8/firebase-functions.js","installations":"https://www.gstatic.com/firebasejs/8.6.8/firebase-installations.js","messaging":"https://www.gstatic.com/firebasejs/8.6.8/firebase-messaging.js","storage":"https://www.gstatic.com/firebasejs/8.6.8/firebase-storage.js","performance":"https://www.gstatic.com/firebasejs/8.6.8/firebase-performance.js","remote-config":"https://www.gstatic.com/firebasejs/8.6.8/firebase-remote-config.js","firestore.memory":"https://www.gstatic.com/firebasejs/8.6.8/firebase-firestore.memory.js"}}
[info] ✔  Wrote public/index.html 
[info] 
[info] i  Detected a .git folder at /Users/david/Desktop/development/projects/music_sample_library 
[info] i  Authorizing with GitHub to upload your service account to a GitHub repository's secrets store. 
[info] 
[info] Visit this URL on this device to log in:
[info] https://github.com/login/oauth/authorize?client_id=89cf50f02ac6aaed3484&state=129023076&redirect_uri=http%3A%2F%2Flocalhost%3A9005&scope=read%3Auser%20repo%20public_repo
[info] 
[info] Waiting for authentication...
[debug] [2021-06-29T17:57:31.947Z] >>> HTTP REQUEST POST https://github.com/login/oauth/access_token  
 {"client_id":"89cf50f02ac6aaed3484","client_secret":"3330d14abc895d9a74d5f17cd7a00711fa2c5bf0","code":"ed8df988e68172ae5597","redirect_uri":"http://localhost:9005","state":"129023076"}
[debug] [2021-06-29T17:57:32.150Z] <<< HTTP RESPONSE 200 {"server":"GitHub.com","date":"Tue, 29 Jun 2021 17:57:32 GMT","content-type":"application/json; charset=utf-8","transfer-encoding":"chunked","vary":"X-PJAX, Accept-Encoding, Accept, X-Requested-With","permissions-policy":"interest-cohort=()","etag":"W/\"6d53b2814aae17b30bd7d826aa3f65de\"","cache-control":"max-age=0, private, must-revalidate","strict-transport-security":"max-age=31536000; includeSubdomains; preload","x-frame-options":"deny","x-content-type-options":"nosniff","x-xss-protection":"0","referrer-policy":"origin-when-cross-origin, strict-origin-when-cross-origin","expect-ct":"max-age=2592000, report-uri=\"https://api.github.com/_private/browser/errors\"","content-security-policy":"default-src 'none'; base-uri 'self'; block-all-mixed-content; connect-src 'self' uploads.github.com www.githubstatus.com collector.githubapp.com api.github.com github-cloud.s3.amazonaws.com github-production-repository-file-5c1aeb.s3.amazonaws.com github-production-upload-manifest-file-7fdce7.s3.amazonaws.com github-production-user-asset-6210df.s3.amazonaws.com cdn.optimizely.com logx.optimizely.com/v1/events translator.github.com wss://alive.github.com; font-src github.githubassets.com; form-action 'self' github.com gist.github.com; frame-ancestors 'none'; frame-src render.githubusercontent.com render-temp.githubusercontent.com viewscreen.githubusercontent.com; img-src 'self' data: github.githubassets.com identicons.github.com collector.githubapp.com github-cloud.s3.amazonaws.com secured-user-images.githubusercontent.com/ *.githubusercontent.com; manifest-src 'self'; media-src 'none'; script-src github.githubassets.com; style-src 'unsafe-inline' github.githubassets.com; worker-src github.com/socket-worker-3f088aa2.js gist.github.com/socket-worker-3f088aa2.js","x-github-request-id":"E626:5718:2041E8:30A1E0:60DB5F0B"}
[debug] [2021-06-29T17:57:32.158Z] >>> [apiv2][query] GET https://api.github.com/user [none]
[debug] [2021-06-29T17:57:32.392Z] <<< [apiv2][status] GET https://api.github.com/user 200
[debug] [2021-06-29T17:57:32.392Z] <<< [apiv2][body] GET https://api.github.com/user {"login":"DavidCortinas","id":81193742,"node_id":"MDQ6VXNlcjgxMTkzNzQy","avatar_url":"https://avatars.githubusercontent.com/u/81193742?v=4","gravatar_id":"","url":"https://api.github.com/users/DavidCortinas","html_url":"https://github.com/DavidCortinas","followers_url":"https://api.github.com/users/DavidCortinas/followers","following_url":"https://api.github.com/users/DavidCortinas/following{/other_user}","gists_url":"https://api.github.com/users/DavidCortinas/gists{/gist_id}","starred_url":"https://api.github.com/users/DavidCortinas/starred{/owner}{/repo}","subscriptions_url":"https://api.github.com/users/DavidCortinas/subscriptions","organizations_url":"https://api.github.com/users/DavidCortinas/orgs","repos_url":"https://api.github.com/users/DavidCortinas/repos","events_url":"https://api.github.com/users/DavidCortinas/events{/privacy}","received_events_url":"https://api.github.com/users/DavidCortinas/received_events","type":"User","site_admin":false,"name":null,"company":null,"blog":"","location":null,"email":null,"hireable":null,"bio":null,"twitter_username":null,"public_repos":34,"public_gists":0,"followers":5,"following":7,"created_at":"2021-03-22T21:18:09Z","updated_at":"2021-06-29T17:48:04Z","private_gists":0,"total_private_repos":0,"owned_private_repos":0,"disk_usage":63319,"collaborators":0,"two_factor_authentication":false,"plan":{"name":"free","space":976562499,"collaborators":0,"private_repos":10000}}
[info] 
[info] ✔  Success! Logged into GitHub as DavidCortinas 
[info] 
